# JRE version: Java(TM) SE Runtime Environment (21.0.11+9) (build 21.0.11+9-LTS-211)
# Java VM: Java HotSpot(TM) 64-Bit Server VM (21.0.11+9-LTS-211, mixed mode, emulated-client, sharing, tiered, compressed oops, compressed class ptrs, g1 gc, windows-amd64)
GC Precious Log:
 CardTable entry size: 512
 Card Set container configuration: InlinePtr #cards 4 size 8 Array Of Cards #cards 16 size 48 Howl #buckets 8 coarsen threshold 3686 Howl Bitmap #cards 512 size 80 coarsen threshold 460 Card regions per heap region 1 cards per card region 4096
 CPUs: 12 total, 12 available
 Memory: 15696M
 Large Page Support: Disabled
 NUMA Support: Disabled
 Compressed Oops: Enabled (Zero based)
 Heap Region Size: 2M
 Heap Min Capacity: 8M
 Heap Initial Capacity: 246M
 Heap Max Capacity: 3926M
 Pre-touch: Disabled
 Parallel Workers: 10
 Concurrent Workers: 3
 Concurrent Refinement Workers: 10
 Periodic GC: Disabled
Heap:
 garbage-first heap   total 143360K, used 122429K [0x000000070aa00000, 0x0000000800000000)
  region size 2048K, 40 young (81920K), 3 survivors (6144K)
 Metaspace       used 103360K, committed 104448K, reserved 1179648K
  class space    used 14590K, committed 15040K, reserved 1048576K
GC Heap History (20 events):
Event: 919.214 GC heap after
{Heap after GC invocations=50 (full 10):
 garbage-first heap   total 178176K, used 56570K [0x000000070aa00000, 0x0000000800000000)
  region size 2048K, 6 young (12288K), 6 survivors (12288K)
 Metaspace       used 98212K, committed 99136K, reserved 1179648K
  class space    used 13880K, committed 14272K, reserved 1048576K
}
Event: 1193.579 GC heap before
{Heap before GC invocations=50 (full 10):
 garbage-first heap   total 178176K, used 109818K [0x000000070aa00000, 0x0000000800000000)
  region size 2048K, 34 young (69632K), 6 survivors (12288K)
 Metaspace       used 101669K, committed 102592K, reserved 1179648K
  class space    used 14408K, committed 14784K, reserved 1048576K
}
Event: 1193.647 GC heap after
{Heap after GC invocations=51 (full 11):
 garbage-first heap   total 178176K, used 53056K [0x000000070aa00000, 0x0000000800000000)
  region size 2048K, 0 young (0K), 0 survivors (0K)
 Metaspace       used 101669K, committed 102592K, reserved 1179648K
  class space    used 14408K, committed 14784K, reserved 1048576K
}
Event: 1194.965 GC heap before
{Heap before GC invocations=51 (full 11):
 garbage-first heap   total 178176K, used 149312K [0x000000070aa00000, 0x0000000800000000)
  region size 2048K, 48 young (98304K), 0 survivors (0K)
 Metaspace       used 101934K, committed 102912K, reserved 1179648K
  class space    used 14432K, committed 14848K, reserved 1048576K
}
Event: 1194.969 GC heap after
{Heap after GC invocations=52 (full 11):
 garbage-first heap   total 178176K, used 60231K [0x000000070aa00000, 0x0000000800000000)
  region size 2048K, 4 young (8192K), 4 survivors (8192K)
 Metaspace       used 101934K, committed 102912K, reserved 1179648K
  class space    used 14432K, committed 14848K, reserved 1048576K
}
Event: 1200.953 GC heap before
{Heap before GC invocations=52 (full 11):
 garbage-first heap   total 178176K, used 107335K [0x000000070aa00000, 0x0000000800000000)
  region size 2048K, 28 young (57344K), 4 survivors (8192K)
 Metaspace       used 102081K, committed 103040K, reserved 1179648K
  class space    used 14446K, committed 14848K, reserved 1048576K
}
Event: 1201.051 GC heap after
{Heap after GC invocations=53 (full 12):
 garbage-first heap   total 178176K, used 48829K [0x000000070aa00000, 0x0000000800000000)
  region size 2048K, 0 young (0K), 0 survivors (0K)
 Metaspace       used 101908K, committed 103040K, reserved 1179648K
  class space    used 14425K, committed 14848K, reserved 1048576K
}
Event: 1202.397 GC heap before
{Heap before GC invocations=53 (full 12):
 garbage-first heap   total 178176K, used 147133K [0x000000070aa00000, 0x0000000800000000)
  region size 2048K, 49 young (100352K), 0 survivors (0K)
 Metaspace       used 102178K, committed 103104K, reserved 1179648K
  class space    used 14450K, committed 14848K, reserved 1048576K
}
Event: 1202.401 GC heap after
{Heap after GC invocations=54 (full 12):
 garbage-first heap   total 178176K, used 56232K [0x000000070aa00000, 0x0000000800000000)
  region size 2048K, 4 young (8192K), 4 survivors (8192K)
 Metaspace       used 102178K, committed 103104K, reserved 1179648K
  class space    used 14450K, committed 14848K, reserved 1048576K
}
Event: 1358.455 GC heap before
{Heap before GC invocations=54 (full 12):
 garbage-first heap   total 178176K, used 113576K [0x000000070aa00000, 0x0000000800000000)
  region size 2048K, 33 young (67584K), 4 survivors (8192K)
 Metaspace       used 102336K, committed 103360K, reserved 1179648K
  class space    used 14464K, committed 14912K, reserved 1048576K
}
Event: 1358.532 GC heap after
{Heap after GC invocations=55 (full 13):
 garbage-first heap   total 178176K, used 47608K [0x000000070aa00000, 0x0000000800000000)
  region size 2048K, 0 young (0K), 0 survivors (0K)
 Metaspace       used 102324K, committed 103360K, reserved 1179648K
  class space    used 14461K, committed 14912K, reserved 1048576K
}
Event: 1359.964 GC heap before
{Heap before GC invocations=55 (full 13):
 garbage-first heap   total 178176K, used 145912K [0x000000070aa00000, 0x0000000800000000)
  region size 2048K, 49 young (100352K), 0 survivors (0K)
 Metaspace       used 102592K, committed 103552K, reserved 1179648K
  class space    used 14489K, committed 14912K, reserved 1048576K
}
Event: 1359.970 GC heap after
{Heap after GC invocations=56 (full 13):
 garbage-first heap   total 178176K, used 55101K [0x000000070aa00000, 0x0000000800000000)
  region size 2048K, 4 young (8192K), 4 survivors (8192K)
 Metaspace       used 102592K, committed 103552K, reserved 1179648K
  class space    used 14489K, committed 14912K, reserved 1048576K
}
Event: 1542.676 GC heap before
{Heap before GC invocations=56 (full 13):
 garbage-first heap   total 178176K, used 149309K [0x000000070aa00000, 0x0000000800000000)
  region size 2048K, 50 young (102400K), 4 survivors (8192K)
 Metaspace       used 102735K, committed 103744K, reserved 1179648K
  class space    used 14503K, committed 14912K, reserved 1048576K
}
Event: 1542.686 GC heap after
{Heap after GC invocations=57 (full 13):
 garbage-first heap   total 178176K, used 56102K [0x000000070aa00000, 0x0000000800000000)
  region size 2048K, 5 young (10240K), 5 survivors (10240K)
 Metaspace       used 102735K, committed 103744K, reserved 1179648K
  class space    used 14503K, committed 14912K, reserved 1048576K
}
Event: 1624.259 GC heap before
{Heap before GC invocations=57 (full 13):
 garbage-first heap   total 178176K, used 86822K [0x000000070aa00000, 0x0000000800000000)
  region size 2048K, 21 young (43008K), 5 survivors (10240K)
 Metaspace       used 102739K, committed 103744K, reserved 1179648K
  class space    used 14504K, committed 14912K, reserved 1048576K
}
Event: 1624.354 GC heap after
{Heap after GC invocations=58 (full 14):
 garbage-first heap   total 143360K, used 38984K [0x000000070aa00000, 0x0000000800000000)
  region size 2048K, 0 young (0K), 0 survivors (0K)
 Metaspace       used 102597K, committed 103744K, reserved 1179648K
  class space    used 14472K, committed 14912K, reserved 1048576K
}
Event: 1625.572 GC heap before
{Heap before GC invocations=58 (full 14):
 garbage-first heap   total 143360K, used 122952K [0x000000070aa00000, 0x0000000800000000)
  region size 2048K, 42 young (86016K), 0 survivors (0K)
 Metaspace       used 102866K, committed 103936K, reserved 1179648K
  class space    used 14529K, committed 14976K, reserved 1048576K
}
Event: 1625.577 GC heap after
{Heap after GC invocations=59 (full 14):
 garbage-first heap   total 143360K, used 46653K [0x000000070aa00000, 0x0000000800000000)
  region size 2048K, 4 young (8192K), 4 survivors (8192K)
 Metaspace       used 102866K, committed 103936K, reserved 1179648K
  class space    used 14529K, committed 14976K, reserved 1048576K
}
Event: 86696.378 GC heap before
{Heap before GC invocations=60 (full 14):
 garbage-first heap   total 143360K, used 122429K [0x000000070aa00000, 0x0000000800000000)
  region size 2048K, 41 young (83968K), 4 survivors (8192K)
 Metaspace       used 103360K, committed 104448K, reserved 1179648K
  class space    used 14590K, committed 15040K, reserved 1048576K
}

