# JRE version: Java(TM) SE Runtime Environment (21.0.11+9) (build 21.0.11+9-LTS-211)
# Java VM: Java HotSpot(TM) 64-Bit Server VM (21.0.11+9-LTS-211, mixed mode, emulated-client, sharing, tiered, compressed oops, compressed class ptrs, g1 gc, windows-amd64)
GC Precious Log:
 CardTable entry size: 512
 Card Set container configuration: InlinePtr #cards 4 size 8 Array Of Cards #cards 16 size 48 Howl #buckets 8 coarsen threshold 3686 Howl Bitmap #cards 512 size 80 coarsen threshold 460 Card regions per heap region 1 cards per card region 4096
 CPUs: 12 total, 12 available
 Memory: 15696M
 Large Page Support: Disabled
 NUMA Support: Disabled
 Compressed Oops: Enabled (Zero based)
 Heap Region Size: 2M
 Heap Min Capacity: 8M
 Heap Initial Capacity: 246M
 Heap Max Capacity: 3926M
 Pre-touch: Disabled
 Parallel Workers: 10
 Concurrent Workers: 3
 Concurrent Refinement Workers: 10
 Periodic GC: Disabled
Heap:
 garbage-first heap   total 126976K, used 54335K [0x000000070aa00000, 0x0000000800000000)
  region size 2048K, 5 young (10240K), 3 survivors (6144K)
 Metaspace       used 105662K, committed 106688K, reserved 1179648K
  class space    used 14613K, committed 15104K, reserved 1048576K
GC Heap History (20 events):
Event: 720.314 GC heap before
{Heap before GC invocations=34 (full 0):
 garbage-first heap   total 126976K, used 76693K [0x000000070aa00000, 0x0000000800000000)
  region size 2048K, 13 young (26624K), 3 survivors (6144K)
 Metaspace       used 104062K, committed 104896K, reserved 1179648K
  class space    used 14454K, committed 14848K, reserved 1048576K
}
Event: 720.370 GC heap after
{Heap after GC invocations=35 (full 1):
 garbage-first heap   total 126976K, used 42199K [0x000000070aa00000, 0x0000000800000000)
  region size 2048K, 0 young (0K), 0 survivors (0K)
 Metaspace       used 104062K, committed 104896K, reserved 1179648K
  class space    used 14454K, committed 14848K, reserved 1048576K
}
Event: 721.270 GC heap before
{Heap before GC invocations=35 (full 1):
 garbage-first heap   total 126976K, used 113879K [0x000000070aa00000, 0x0000000800000000)
  region size 2048K, 36 young (73728K), 0 survivors (0K)
 Metaspace       used 104270K, committed 105152K, reserved 1179648K
  class space    used 14494K, committed 14912K, reserved 1048576K
}
Event: 721.276 GC heap after
{Heap after GC invocations=36 (full 1):
 garbage-first heap   total 126976K, used 49105K [0x000000070aa00000, 0x0000000800000000)
  region size 2048K, 4 young (8192K), 4 survivors (8192K)
 Metaspace       used 104270K, committed 105152K, reserved 1179648K
  class space    used 14494K, committed 14912K, reserved 1048576K
}
Event: 722.309 GC heap before
{Heap before GC invocations=37 (full 1):
 garbage-first heap   total 126976K, used 106449K [0x000000070aa00000, 0x0000000800000000)
  region size 2048K, 32 young (65536K), 4 survivors (8192K)
 Metaspace       used 104968K, committed 105984K, reserved 1179648K
  class space    used 14579K, committed 15040K, reserved 1048576K
}
Event: 722.316 GC heap after
{Heap after GC invocations=38 (full 1):
 garbage-first heap   total 126976K, used 54430K [0x000000070aa00000, 0x0000000800000000)
  region size 2048K, 4 young (8192K), 4 survivors (8192K)
 Metaspace       used 104968K, committed 105984K, reserved 1179648K
  class space    used 14579K, committed 15040K, reserved 1048576K
}
Event: 919.191 GC heap before
{Heap before GC invocations=38 (full 1):
 garbage-first heap   total 126976K, used 97438K [0x000000070aa00000, 0x0000000800000000)
  region size 2048K, 26 young (53248K), 4 survivors (8192K)
 Metaspace       used 105114K, committed 106176K, reserved 1179648K
  class space    used 14608K, committed 15104K, reserved 1048576K
}
Event: 919.305 GC heap after
{Heap after GC invocations=39 (full 2):
 garbage-first heap   total 126976K, used 50725K [0x000000070aa00000, 0x0000000800000000)
  region size 2048K, 0 young (0K), 0 survivors (0K)
 Metaspace       used 104944K, committed 106176K, reserved 1179648K
  class space    used 14568K, committed 15104K, reserved 1048576K
}
Event: 920.069 GC heap before
{Heap before GC invocations=39 (full 2):
 garbage-first heap   total 126976K, used 106021K [0x000000070aa00000, 0x0000000800000000)
  region size 2048K, 28 young (57344K), 0 survivors (0K)
 Metaspace       used 105048K, committed 106176K, reserved 1179648K
  class space    used 14580K, committed 15104K, reserved 1048576K
}
Event: 920.074 GC heap after
{Heap after GC invocations=40 (full 2):
 garbage-first heap   total 126976K, used 55697K [0x000000070aa00000, 0x0000000800000000)
  region size 2048K, 3 young (6144K), 3 survivors (6144K)
 Metaspace       used 105048K, committed 106176K, reserved 1179648K
  class space    used 14580K, committed 15104K, reserved 1048576K
}
Event: 920.901 GC heap before
{Heap before GC invocations=41 (full 2):
 garbage-first heap   total 126976K, used 104849K [0x000000070aa00000, 0x0000000800000000)
  region size 2048K, 27 young (55296K), 3 survivors (6144K)
 Metaspace       used 105299K, committed 106304K, reserved 1179648K
  class space    used 14606K, committed 15104K, reserved 1048576K
}
Event: 920.906 GC heap after
{Heap after GC invocations=42 (full 2):
 garbage-first heap   total 126976K, used 59217K [0x000000070aa00000, 0x0000000800000000)
  region size 2048K, 2 young (4096K), 2 survivors (4096K)
 Metaspace       used 105299K, committed 106304K, reserved 1179648K
  class space    used 14606K, committed 15104K, reserved 1048576K
}
Event: 999.210 GC heap before
{Heap before GC invocations=42 (full 2):
 garbage-first heap   total 126976K, used 106321K [0x000000070aa00000, 0x0000000800000000)
  region size 2048K, 25 young (51200K), 2 survivors (4096K)
 Metaspace       used 105461K, committed 106496K, reserved 1179648K
  class space    used 14627K, committed 15104K, reserved 1048576K
}
Event: 999.221 GC heap after
{Heap after GC invocations=43 (full 2):
 garbage-first heap   total 126976K, used 60720K [0x000000070aa00000, 0x0000000800000000)
  region size 2048K, 3 young (6144K), 3 survivors (6144K)
 Metaspace       used 105461K, committed 106496K, reserved 1179648K
  class space    used 14627K, committed 15104K, reserved 1048576K
}
Event: 1138.818 GC heap before
{Heap before GC invocations=43 (full 2):
 garbage-first heap   total 126976K, used 73008K [0x000000070aa00000, 0x0000000800000000)
  region size 2048K, 10 young (20480K), 3 survivors (6144K)
 Metaspace       used 105474K, committed 106496K, reserved 1179648K
  class space    used 14629K, committed 15104K, reserved 1048576K
}
Event: 1138.913 GC heap after
{Heap after GC invocations=44 (full 3):
 garbage-first heap   total 126976K, used 41045K [0x000000070aa00000, 0x0000000800000000)
  region size 2048K, 0 young (0K), 0 survivors (0K)
 Metaspace       used 104975K, committed 106496K, reserved 1179648K
  class space    used 14510K, committed 15104K, reserved 1048576K
}
Event: 1139.760 GC heap before
{Heap before GC invocations=44 (full 3):
 garbage-first heap   total 126976K, used 104533K [0x000000070aa00000, 0x0000000800000000)
  region size 2048K, 32 young (65536K), 0 survivors (0K)
 Metaspace       used 105164K, committed 106496K, reserved 1179648K
  class space    used 14545K, committed 15104K, reserved 1048576K
}
Event: 1139.765 GC heap after
{Heap after GC invocations=45 (full 3):
 garbage-first heap   total 126976K, used 48118K [0x000000070aa00000, 0x0000000800000000)
  region size 2048K, 4 young (8192K), 4 survivors (8192K)
 Metaspace       used 105164K, committed 106496K, reserved 1179648K
  class space    used 14545K, committed 15104K, reserved 1048576K
}
Event: 1140.673 GC heap before
{Heap before GC invocations=46 (full 3):
 garbage-first heap   total 126976K, used 101366K [0x000000070aa00000, 0x0000000800000000)
  region size 2048K, 31 young (63488K), 4 survivors (8192K)
 Metaspace       used 105588K, committed 106624K, reserved 1179648K
  class space    used 14607K, committed 15104K, reserved 1048576K
}
Event: 1140.678 GC heap after
{Heap after GC invocations=47 (full 3):
 garbage-first heap   total 126976K, used 52287K [0x000000070aa00000, 0x0000000800000000)
  region size 2048K, 3 young (6144K), 3 survivors (6144K)
 Metaspace       used 105588K, committed 106624K, reserved 1179648K
  class space    used 14607K, committed 15104K, reserved 1048576K
}

